<?xml version="1.0" encoding="UTF-8"?>
<testng-results ignored="0" total="2" passed="2" failed="0" skipped="0">
  <reporter-output>
  </reporter-output>
  <suite started-at="2022-08-24T15:41:52 CDT" name="Default suite" finished-at="2022-08-24T15:41:56 CDT" duration-ms="3609">
    <groups>
    </groups>
    <test started-at="2022-08-24T15:41:52 CDT" name="Default test" finished-at="2022-08-24T15:41:56 CDT" duration-ms="3609">
      <class name="testcase.DeleteOneProduct">
        <test-method signature="deletingOneProduct()[pri:1, instance:testcase.DeleteOneProduct@5fd4f8f5]" started-at="2022-08-24T15:41:52 CDT" name="deletingOneProduct" finished-at="2022-08-24T15:41:55 CDT" duration-ms="2437" status="PASS">
          <reporter-output>
          </reporter-output>
        </test-method> <!-- deletingOneProduct -->
        <test-method signature="readingOneProduct()[pri:2, instance:testcase.DeleteOneProduct@5fd4f8f5]" started-at="2022-08-24T15:41:55 CDT" name="readingOneProduct" finished-at="2022-08-24T15:41:56 CDT" duration-ms="1142" status="PASS">
          <reporter-output>
          </reporter-output>
        </test-method> <!-- readingOneProduct -->
      </class> <!-- testcase.DeleteOneProduct -->
    </test> <!-- Default test -->
  </suite> <!-- Default suite -->
</testng-results>
